<?xml version="1.0" encoding="UTF-8"?>
<testsuite xmlns:xsi="http://www.w3.org/2001/XMLSchema-instance" xsi:noNamespaceSchemaLocation="https://maven.apache.org/surefire/maven-surefire-plugin/xsd/surefire-test-report-3.0.xsd" version="3.0" name="MathUtilsTest" time="0.232" tests="1" errors="0" skipped="0" failures="0">
  <properties>
[...]
</properties>
  <testcase name="testExample" classname="MathUtilsTest" time="0.035">
    <system-out><![CDATA[20:28:21.971 [main] INFO  MathUtilsTest - Dang chay test cho du an MathUtils...
20:28:21.975 [main] INFO  MathUtilsTest - Test hoan thanh, moi thu deu on!
]]></system-out>
  </testcase>
</testsuite>